0    [main] INFO  org.eclipse.jetty.server.Server  – jetty-8.1.10.v20130312
74   [main] INFO  org.eclipse.jetty.deploy.providers.ScanningAppProvider  – Deployment monitor /Users/chuck_mccallum/starting/AAPB2/jetty/contexts at interval 0
100  [main] INFO  org.eclipse.jetty.deploy.DeploymentManager  – Deployable added: /Users/chuck_mccallum/starting/AAPB2/jetty/contexts/solr.xml
201  [main] INFO  org.eclipse.jetty.webapp.WebInfConfiguration  – Extract jar:file:/Users/chuck_mccallum/starting/AAPB2/jetty/webapps/solr.war!/ to /Users/chuck_mccallum/starting/AAPB2/jetty/solr-webapp/webapp
1965 [main] INFO  org.eclipse.jetty.webapp.StandardDescriptorProcessor  – NO JSP Support for /solr, did not find org.apache.jasper.servlet.JspServlet
2065 [main] INFO  org.apache.solr.servlet.SolrDispatchFilter  – SolrDispatchFilter.init()
2103 [main] INFO  org.apache.solr.core.SolrResourceLoader  – JNDI not configured for solr (NoInitialContextEx)
2103 [main] INFO  org.apache.solr.core.SolrResourceLoader  – using system property solr.solr.home: /Users/chuck_mccallum/starting/AAPB2/jetty/solr
2109 [main] INFO  org.apache.solr.core.SolrResourceLoader  – new SolrResourceLoader for directory: '/Users/chuck_mccallum/starting/AAPB2/jetty/solr/'
2111 [main] INFO  org.apache.solr.core.SolrResourceLoader  – Adding 'file:/Users/chuck_mccallum/starting/AAPB2/jetty/solr/lib/contrib/' to classloader
2111 [main] INFO  org.apache.solr.core.SolrResourceLoader  – Adding 'file:/Users/chuck_mccallum/starting/AAPB2/jetty/solr/lib/solr-analysis-extras-4.9.0.jar' to classloader
2112 [main] INFO  org.apache.solr.core.SolrResourceLoader  – Adding 'file:/Users/chuck_mccallum/starting/AAPB2/jetty/solr/lib/solr-clustering-4.9.0.jar' to classloader
2112 [main] INFO  org.apache.solr.core.SolrResourceLoader  – Adding 'file:/Users/chuck_mccallum/starting/AAPB2/jetty/solr/lib/solr-langid-4.9.0.jar' to classloader
2243 [main] INFO  org.apache.solr.core.ConfigSolr  – Loading container configuration from /Users/chuck_mccallum/starting/AAPB2/jetty/solr/solr.xml
2573 [main] INFO  org.apache.solr.core.CoreContainer  – New CoreContainer 1767895777
2575 [main] INFO  org.apache.solr.core.CoreContainer  – Loading cores into CoreContainer [instanceDir=/Users/chuck_mccallum/starting/AAPB2/jetty/solr/]
2577 [main] INFO  org.apache.solr.core.CoreContainer  – loading shared library: /Users/chuck_mccallum/starting/AAPB2/jetty/solr/lib
2577 [main] INFO  org.apache.solr.core.SolrResourceLoader  – Adding 'file:/Users/chuck_mccallum/starting/AAPB2/jetty/solr/lib/contrib/' to classloader
2578 [main] INFO  org.apache.solr.core.SolrResourceLoader  – Adding 'file:/Users/chuck_mccallum/starting/AAPB2/jetty/solr/lib/solr-analysis-extras-4.9.0.jar' to classloader
2578 [main] INFO  org.apache.solr.core.SolrResourceLoader  – Adding 'file:/Users/chuck_mccallum/starting/AAPB2/jetty/solr/lib/solr-clustering-4.9.0.jar' to classloader
2578 [main] INFO  org.apache.solr.core.SolrResourceLoader  – Adding 'file:/Users/chuck_mccallum/starting/AAPB2/jetty/solr/lib/solr-langid-4.9.0.jar' to classloader
2607 [main] INFO  org.apache.solr.handler.component.HttpShardHandlerFactory  – Setting socketTimeout to: 0
2607 [main] INFO  org.apache.solr.handler.component.HttpShardHandlerFactory  – Setting urlScheme to: null
2612 [main] INFO  org.apache.solr.handler.component.HttpShardHandlerFactory  – Setting connTimeout to: 0
2612 [main] INFO  org.apache.solr.handler.component.HttpShardHandlerFactory  – Setting maxConnectionsPerHost to: 20
2612 [main] INFO  org.apache.solr.handler.component.HttpShardHandlerFactory  – Setting corePoolSize to: 0
2613 [main] INFO  org.apache.solr.handler.component.HttpShardHandlerFactory  – Setting maximumPoolSize to: 2147483647
2613 [main] INFO  org.apache.solr.handler.component.HttpShardHandlerFactory  – Setting maxThreadIdleTime to: 5
2613 [main] INFO  org.apache.solr.handler.component.HttpShardHandlerFactory  – Setting sizeOfQueue to: -1
2613 [main] INFO  org.apache.solr.handler.component.HttpShardHandlerFactory  – Setting fairnessPolicy to: false
2950 [main] INFO  org.apache.solr.logging.LogWatcher  – SLF4J impl is org.slf4j.impl.Log4jLoggerFactory
2951 [main] INFO  org.apache.solr.logging.LogWatcher  – Registering Log Listener [Log4j (org.slf4j.impl.Log4jLoggerFactory)]
2952 [main] INFO  org.apache.solr.core.CoreContainer  – Host Name: 
3092 [coreLoadExecutor-5-thread-1] INFO  org.apache.solr.core.SolrResourceLoader  – new SolrResourceLoader for directory: '/Users/chuck_mccallum/starting/AAPB2/jetty/solr/blacklight-core/'
3167 [coreLoadExecutor-5-thread-1] INFO  org.apache.solr.core.SolrConfig  – Adding specified lib dirs to ClassLoader
3168 [coreLoadExecutor-5-thread-1] INFO  org.apache.solr.core.SolrResourceLoader  – Adding 'file:/Users/chuck_mccallum/starting/AAPB2/jetty/solr/lib/contrib/analysis-extras/lib/icu4j-53.1.jar' to classloader
3168 [coreLoadExecutor-5-thread-1] INFO  org.apache.solr.core.SolrResourceLoader  – Adding 'file:/Users/chuck_mccallum/starting/AAPB2/jetty/solr/lib/contrib/analysis-extras/lib/morfologik-fsa-1.7.1.jar' to classloader
3168 [coreLoadExecutor-5-thread-1] INFO  org.apache.solr.core.SolrResourceLoader  – Adding 'file:/Users/chuck_mccallum/starting/AAPB2/jetty/solr/lib/contrib/analysis-extras/lib/morfologik-polish-1.7.1.jar' to classloader
3169 [coreLoadExecutor-5-thread-1] INFO  org.apache.solr.core.SolrResourceLoader  – Adding 'file:/Users/chuck_mccallum/starting/AAPB2/jetty/solr/lib/contrib/analysis-extras/lib/morfologik-stemming-1.7.1.jar' to classloader
3169 [coreLoadExecutor-5-thread-1] INFO  org.apache.solr.core.SolrResourceLoader  – Adding 'file:/Users/chuck_mccallum/starting/AAPB2/jetty/solr/lib/contrib/analysis-extras/lucene-libs/lucene-analyzers-icu-4.9.0.jar' to classloader
3170 [coreLoadExecutor-5-thread-1] INFO  org.apache.solr.core.SolrResourceLoader  – Adding 'file:/Users/chuck_mccallum/starting/AAPB2/jetty/solr/lib/contrib/analysis-extras/lucene-libs/lucene-analyzers-morfologik-4.9.0.jar' to classloader
3170 [coreLoadExecutor-5-thread-1] INFO  org.apache.solr.core.SolrResourceLoader  – Adding 'file:/Users/chuck_mccallum/starting/AAPB2/jetty/solr/lib/contrib/analysis-extras/lucene-libs/lucene-analyzers-smartcn-4.9.0.jar' to classloader
3170 [coreLoadExecutor-5-thread-1] INFO  org.apache.solr.core.SolrResourceLoader  – Adding 'file:/Users/chuck_mccallum/starting/AAPB2/jetty/solr/lib/contrib/analysis-extras/lucene-libs/lucene-analyzers-stempel-4.9.0.jar' to classloader
3293 [coreLoadExecutor-5-thread-1] INFO  org.apache.solr.core.SolrConfig  – Using Lucene MatchVersion: LUCENE_4_0
3408 [coreLoadExecutor-5-thread-1] INFO  org.apache.solr.core.Config  – Loaded SolrConfig: solrconfig.xml
3412 [coreLoadExecutor-5-thread-1] INFO  org.apache.solr.schema.IndexSchema  – Reading Solr Schema from schema.xml
3470 [coreLoadExecutor-5-thread-1] INFO  org.apache.solr.schema.IndexSchema  – [blacklight-core] Schema name=Blacklight Demo Index
3629 [coreLoadExecutor-5-thread-1] WARN  org.apache.solr.core.SolrResourceLoader  – Solr loaded a deprecated plugin/analysis class [solr.IntField]. Please consult documentation how to replace it accordingly.
3641 [coreLoadExecutor-5-thread-1] WARN  org.apache.solr.core.SolrResourceLoader  – Solr loaded a deprecated plugin/analysis class [solr.LongField]. Please consult documentation how to replace it accordingly.
3645 [coreLoadExecutor-5-thread-1] WARN  org.apache.solr.core.SolrResourceLoader  – Solr loaded a deprecated plugin/analysis class [solr.FloatField]. Please consult documentation how to replace it accordingly.
3649 [coreLoadExecutor-5-thread-1] WARN  org.apache.solr.core.SolrResourceLoader  – Solr loaded a deprecated plugin/analysis class [solr.DoubleField]. Please consult documentation how to replace it accordingly.
3651 [coreLoadExecutor-5-thread-1] WARN  org.apache.solr.core.SolrResourceLoader  – Solr loaded a deprecated plugin/analysis class [solr.DateField]. Please consult documentation how to replace it accordingly.
3798 [coreLoadExecutor-5-thread-1] INFO  org.apache.solr.schema.IndexSchema  – default search field in schema is text
3799 [coreLoadExecutor-5-thread-1] INFO  org.apache.solr.schema.IndexSchema  – query parser default operator is OR
3800 [coreLoadExecutor-5-thread-1] INFO  org.apache.solr.schema.IndexSchema  – unique key field: id
4061 [coreLoadExecutor-5-thread-1] INFO  org.apache.solr.core.CoreContainer  – Creating SolrCore 'blacklight-core' using configuration from instancedir /Users/chuck_mccallum/starting/AAPB2/jetty/solr/blacklight-core/
4076 [coreLoadExecutor-5-thread-1] INFO  org.apache.solr.core.SolrCore  – solr.StandardDirectoryFactory
4081 [coreLoadExecutor-5-thread-1] INFO  org.apache.solr.core.SolrCore  – [blacklight-core] Opening new SolrCore at /Users/chuck_mccallum/starting/AAPB2/jetty/solr/blacklight-core/, dataDir=/Users/chuck_mccallum/starting/AAPB2/jetty/solr/blacklight-core/data/
4082 [coreLoadExecutor-5-thread-1] INFO  org.apache.solr.core.SolrCore  – JMX monitoring not detected for core: blacklight-core
4113 [coreLoadExecutor-5-thread-1] INFO  org.apache.solr.core.CachingDirectoryFactory  – return new directory for /Users/chuck_mccallum/starting/AAPB2/jetty/solr/blacklight-core/data
4130 [coreLoadExecutor-5-thread-1] INFO  org.apache.solr.core.SolrCore  – New index directory detected: old=null new=/Users/chuck_mccallum/starting/AAPB2/jetty/solr/blacklight-core/data/index/
4130 [coreLoadExecutor-5-thread-1] WARN  org.apache.solr.core.SolrCore  – [blacklight-core] Solr index directory '/Users/chuck_mccallum/starting/AAPB2/jetty/solr/blacklight-core/data/index' doesn't exist. Creating new index...
4139 [coreLoadExecutor-5-thread-1] INFO  org.apache.solr.core.CachingDirectoryFactory  – return new directory for /Users/chuck_mccallum/starting/AAPB2/jetty/solr/blacklight-core/data/index
4200 [coreLoadExecutor-5-thread-1] INFO  org.apache.solr.core.SolrCore  – SolrDeletionPolicy.onCommit: commits: num=1
	commit{dir=/Users/chuck_mccallum/starting/AAPB2/jetty/solr/blacklight-core/data/index,segFN=segments_1,generation=1}
4201 [coreLoadExecutor-5-thread-1] INFO  org.apache.solr.core.SolrCore  – newest commit generation = 1
4264 [coreLoadExecutor-5-thread-1] INFO  org.apache.solr.core.SolrCore  – no updateRequestProcessorChain defined as default, creating implicit default
4268 [coreLoadExecutor-5-thread-1] INFO  org.apache.solr.core.RequestHandlers  – adding lazy requestHandler: solr.ReplicationHandler
4268 [coreLoadExecutor-5-thread-1] INFO  org.apache.solr.core.RequestHandlers  – created /replication: solr.ReplicationHandler
4271 [coreLoadExecutor-5-thread-1] INFO  org.apache.solr.core.RequestHandlers  – created standard: solr.StandardRequestHandler
4271 [coreLoadExecutor-5-thread-1] INFO  org.apache.solr.core.RequestHandlers  – adding lazy requestHandler: solr.FieldAnalysisRequestHandler
4271 [coreLoadExecutor-5-thread-1] INFO  org.apache.solr.core.RequestHandlers  – created /analysis/field: solr.FieldAnalysisRequestHandler
4274 [coreLoadExecutor-5-thread-1] INFO  org.apache.solr.core.RequestHandlers  – created /update: solr.UpdateRequestHandler
4275 [coreLoadExecutor-5-thread-1] INFO  org.apache.solr.core.RequestHandlers  – created /admin/: org.apache.solr.handler.admin.AdminHandlers
4277 [coreLoadExecutor-5-thread-1] INFO  org.apache.solr.core.RequestHandlers  – created /admin/ping: solr.PingRequestHandler
4281 [coreLoadExecutor-5-thread-1] INFO  org.apache.solr.core.RequestHandlers  – created search: solr.SearchHandler
4281 [coreLoadExecutor-5-thread-1] INFO  org.apache.solr.core.RequestHandlers  – created document: solr.SearchHandler
4281 [coreLoadExecutor-5-thread-1] INFO  org.apache.solr.core.RequestHandlers  – created advanced: solr.SearchHandler
4305 [coreLoadExecutor-5-thread-1] INFO  org.apache.solr.handler.loader.XMLLoader  – xsltCacheLifetimeSeconds=60
4327 [coreLoadExecutor-5-thread-1] INFO  org.apache.solr.core.SolrCore  – Hard AutoCommit: disabled
4327 [coreLoadExecutor-5-thread-1] INFO  org.apache.solr.core.SolrCore  – Soft AutoCommit: disabled
4347 [coreLoadExecutor-5-thread-1] INFO  org.apache.solr.core.SolrCore  – SolrDeletionPolicy.onInit: commits: num=1
	commit{dir=/Users/chuck_mccallum/starting/AAPB2/jetty/solr/blacklight-core/data/index,segFN=segments_1,generation=1}
4347 [coreLoadExecutor-5-thread-1] INFO  org.apache.solr.core.SolrCore  – newest commit generation = 1
4354 [coreLoadExecutor-5-thread-1] INFO  org.apache.solr.search.SolrIndexSearcher  – Opening Searcher@48c1b37f[blacklight-core] main
4360 [coreLoadExecutor-5-thread-1] INFO  org.apache.solr.rest.ManagedResourceStorage  – File-based storage initialized to use dir: /Users/chuck_mccallum/starting/AAPB2/jetty/solr/blacklight-core/conf
4361 [coreLoadExecutor-5-thread-1] INFO  org.apache.solr.rest.RestManager  – Initializing RestManager with initArgs: {storageDir=/Users/chuck_mccallum/starting/AAPB2/jetty/solr/blacklight-core/conf/}
4369 [coreLoadExecutor-5-thread-1] INFO  org.apache.solr.rest.ManagedResourceStorage  – Reading _rest_managed.json using file:dir=/Users/chuck_mccallum/starting/AAPB2/jetty/solr/blacklight-core/conf
4370 [coreLoadExecutor-5-thread-1] WARN  org.apache.solr.rest.ManagedResource  – No stored data found for /rest/managed
4370 [coreLoadExecutor-5-thread-1] WARN  org.apache.solr.rest.ManagedResource  – No registered observers for /rest/managed
4370 [coreLoadExecutor-5-thread-1] INFO  org.apache.solr.rest.RestManager  – Initializing 0 registered ManagedResources
4370 [coreLoadExecutor-5-thread-1] INFO  org.apache.solr.handler.component.SpellCheckComponent  – Initializing spell checkers
4380 [coreLoadExecutor-5-thread-1] INFO  org.apache.solr.handler.component.SpellCheckComponent  – Registering newSearcher listener for spellchecker: default
4384 [coreLoadExecutor-5-thread-1] INFO  org.apache.solr.handler.component.SpellCheckComponent  – Registering newSearcher listener for spellchecker: author
4387 [coreLoadExecutor-5-thread-1] INFO  org.apache.solr.handler.component.SpellCheckComponent  – Registering newSearcher listener for spellchecker: subject
4390 [coreLoadExecutor-5-thread-1] INFO  org.apache.solr.handler.component.SpellCheckComponent  – Registering newSearcher listener for spellchecker: title
4390 [coreLoadExecutor-5-thread-1] INFO  org.apache.solr.handler.component.SpellCheckComponent  – No queryConverter defined, using default converter
4425 [coreLoadExecutor-5-thread-1] INFO  org.apache.solr.core.CoreContainer  – registering core: blacklight-core
4425 [searcherExecutor-6-thread-1] INFO  org.apache.solr.core.SolrCore  – [blacklight-core] Registered new searcher Searcher@48c1b37f[blacklight-core] main{StandardDirectoryReader(segments_1:1:nrt)}
4428 [main] INFO  org.apache.solr.servlet.SolrDispatchFilter  – user.dir=/Users/chuck_mccallum/starting/AAPB2/jetty
4428 [main] INFO  org.apache.solr.servlet.SolrDispatchFilter  – SolrDispatchFilter.init() done
4494 [main] INFO  org.eclipse.jetty.server.AbstractConnector  – Started SocketConnector@0.0.0.0:8983
58691 [qtp1111284716-13] INFO  org.apache.solr.core.SolrCore  – UnInverted multi-valued field {field=pub_date,memSize=4288,tindexSize=0,time=0,phase1=0,nTerms=0,bigTerms=0,termInstances=0,uses=0}
58692 [qtp1111284716-13] INFO  org.apache.solr.core.SolrCore  – UnInverted multi-valued field {field=subject_topic_facet,memSize=4288,tindexSize=0,time=0,phase1=0,nTerms=0,bigTerms=0,termInstances=0,uses=0}
58692 [qtp1111284716-13] INFO  org.apache.solr.core.SolrCore  – UnInverted multi-valued field {field=language_facet,memSize=4288,tindexSize=0,time=0,phase1=0,nTerms=0,bigTerms=0,termInstances=0,uses=0}
58692 [qtp1111284716-13] INFO  org.apache.solr.core.SolrCore  – UnInverted multi-valued field {field=lc_1letter_facet,memSize=4288,tindexSize=0,time=0,phase1=0,nTerms=0,bigTerms=0,termInstances=0,uses=0}
58693 [qtp1111284716-13] INFO  org.apache.solr.core.SolrCore  – UnInverted multi-valued field {field=subject_geo_facet,memSize=4288,tindexSize=0,time=0,phase1=0,nTerms=0,bigTerms=0,termInstances=0,uses=0}
58693 [qtp1111284716-13] INFO  org.apache.solr.core.SolrCore  – UnInverted multi-valued field {field=subject_era_facet,memSize=4288,tindexSize=0,time=0,phase1=0,nTerms=0,bigTerms=0,termInstances=0,uses=0}
58695 [qtp1111284716-13] INFO  org.apache.solr.core.SolrCore  – [blacklight-core] webapp=/solr path=/select params={facet=true&sort=score+desc,+pub_date_sort+desc,+title_sort+asc&facet.query=pub_date:[2009+TO+*]&facet.query=pub_date:[2004+TO+*]&facet.query=pub_date:[1989+TO+*]&f.subject_topic_facet.facet.limit=21&f.language_facet.facet.limit=11&facet.field=format&facet.field={!ex%3Dpub_date_single}pub_date&facet.field=subject_topic_facet&facet.field=language_facet&facet.field=lc_1letter_facet&facet.field=subject_geo_facet&facet.field=subject_era_facet&qt=search&wt=ruby&facet.pivot=format,language_facet&rows=10} hits=0 status=0 QTime=101 
